SF:lib\features\expenses_list\domain\usecases\delete_expense_usecase.dart
DA:7,1
DA:11,1
DA:13,2
DA:14,3
DA:19,1
LF:5
LH:5
end_of_record
SF:lib\core\error\failures.dart
DA:4,0
DA:5,0
LF:2
LH:0
end_of_record
SF:lib\features\expenses_list\domain\entities\expense_item_entity.dart
DA:2,0
LF:1
LH:0
end_of_record
SF:lib\core\usecases\usecase.dart
DA:10,0
DA:11,0
LF:2
LH:0
end_of_record
SF:lib\features\expenses_list\domain\usecases\add_expense_usecase.dart
DA:8,0
DA:12,0
DA:15,0
DA:16,0
DA:17,0
DA:18,0
DA:19,0
DA:20,0
DA:23,0
DA:24,0
DA:25,0
DA:26,0
DA:32,0
LF:13
LH:0
end_of_record
